<?xml version="1.0" encoding="UTF-8"?>
<testng-results skipped="0" failed="0" ignored="0" total="1" passed="1">
  <reporter-output>
  </reporter-output>
  <suite name="Default suite" duration-ms="52647" started-at="2022-03-29T22:13:14 IST" finished-at="2022-03-29T22:14:06 IST">
    <groups>
    </groups>
    <test name="Default test" duration-ms="52647" started-at="2022-03-29T22:13:14 IST" finished-at="2022-03-29T22:14:06 IST">
      <class name="tests.TC_1">
        <test-method status="PASS" signature="beforeMethod()[pri:0, instance:tests.TC_1@3891771e]" name="beforeMethod" is-config="true" duration-ms="8785" started-at="2022-03-29T22:13:14 IST" finished-at="2022-03-29T22:13:23 IST">
          <reporter-output>
          </reporter-output>
        </test-method> <!-- beforeMethod -->
        <test-method status="PASS" signature="f()[pri:0, instance:tests.TC_1@3891771e]" name="f" duration-ms="42307" started-at="2022-03-29T22:13:23 IST" finished-at="2022-03-29T22:14:05 IST">
          <reporter-output>
          </reporter-output>
        </test-method> <!-- f -->
        <test-method status="PASS" signature="afterMethod()[pri:0, instance:tests.TC_1@3891771e]" name="afterMethod" is-config="true" duration-ms="1385" started-at="2022-03-29T22:14:05 IST" finished-at="2022-03-29T22:14:06 IST">
          <reporter-output>
          </reporter-output>
        </test-method> <!-- afterMethod -->
      </class> <!-- tests.TC_1 -->
    </test> <!-- Default test -->
  </suite> <!-- Default suite -->
</testng-results>
